# JRE version: Java(TM) SE Runtime Environment (8.0_171-b11) (build 1.8.0_171-b11)
# Java VM: Java HotSpot(TM) 64-Bit Server VM (25.171-b11 mixed mode bsd-amd64 compressed oops)
Heap:
 PSYoungGen      total 41472K, used 16375K [0x000000076ab00000, 0x000000077b600000, 0x00000007c0000000)
  eden space 40960K, 39% used [0x000000076ab00000,0x000000076bafdfb0,0x000000076d300000)
  from space 512K, 0% used [0x000000077b500000,0x000000077b500000,0x000000077b580000)
  to   space 512K, 0% used [0x000000077b580000,0x000000077b580000,0x000000077b600000)
 ParOldGen       total 105984K, used 15809K [0x00000006c0000000, 0x00000006c6780000, 0x000000076ab00000)
  object space 105984K, 14% used [0x00000006c0000000,0x00000006c0f70638,0x00000006c6780000)
 Metaspace       used 27753K, capacity 28390K, committed 28544K, reserved 1075200K
  class space    used 3489K, capacity 3636K, committed 3712K, reserved 1048576K
GC Heap History (10 events):
Event: 36224.729 GC heap before
{Heap before GC invocations=15417 (full 13):
 PSYoungGen      total 34816K, used 34528K [0x000000076ab00000, 0x000000077b600000, 0x00000007c0000000)
  eden space 34304K, 100% used [0x000000076ab00000,0x000000076cc80000,0x000000076cc80000)
  from space 512K, 43% used [0x000000077b500000,0x000000077b538000,0x000000077b580000)
  to   space 512K, 0% used [0x000000077b580000,0x000000077b580000,0x000000077b600000)
 ParOldGen       total 156160K, used 141011K [0x00000006c0000000, 0x00000006c9880000, 0x000000076ab00000)
  object space 156160K, 90% used [0x00000006c0000000,0x00000006c89b4cb8,0x00000006c9880000)
 Metaspace       used 27753K, capacity 28390K, committed 28544K, reserved 1075200K
  class space    used 3489K, capacity 3636K, committed 3712K, reserved 1048576K
Event: 36224.732 GC heap after
Heap after GC invocations=15417 (full 13):
 PSYoungGen      total 34816K, used 384K [0x000000076ab00000, 0x000000077b600000, 0x00000007c0000000)
  eden space 34304K, 0% used [0x000000076ab00000,0x000000076ab00000,0x000000076cc80000)
  from space 512K, 75% used [0x000000077b580000,0x000000077b5e0000,0x000000077b600000)
  to   space 512K, 0% used [0x000000077b500000,0x000000077b500000,0x000000077b580000)
 ParOldGen       total 156160K, used 141011K [0x00000006c0000000, 0x00000006c9880000, 0x000000076ab00000)
  object space 156160K, 90% used [0x00000006c0000000,0x00000006c89b4cb8,0x00000006c9880000)
 Metaspace       used 27753K, capacity 28390K, committed 28544K, reserved 1075200K
  class space    used 3489K, capacity 3636K, committed 3712K, reserved 1048576K
}
Event: 36230.728 GC heap before
{Heap before GC invocations=15418 (full 13):
 PSYoungGen      total 34816K, used 34688K [0x000000076ab00000, 0x000000077b600000, 0x00000007c0000000)
  eden space 34304K, 100% used [0x000000076ab00000,0x000000076cc80000,0x000000076cc80000)
  from space 512K, 75% used [0x000000077b580000,0x000000077b5e0000,0x000000077b600000)
  to   space 512K, 0% used [0x000000077b500000,0x000000077b500000,0x000000077b580000)
 ParOldGen       total 156160K, used 141011K [0x00000006c0000000, 0x00000006c9880000, 0x000000076ab00000)
  object space 156160K, 90% used [0x00000006c0000000,0x00000006c89b4cb8,0x00000006c9880000)
 Metaspace       used 27753K, capacity 28390K, committed 28544K, reserved 1075200K
  class space    used 3489K, capacity 3636K, committed 3712K, reserved 1048576K
Event: 36230.733 GC heap after
Heap after GC invocations=15418 (full 13):
 PSYoungGen      total 34816K, used 320K [0x000000076ab00000, 0x000000077b600000, 0x00000007c0000000)
  eden space 34304K, 0% used [0x000000076ab00000,0x000000076ab00000,0x000000076cc80000)
  from space 512K, 62% used [0x000000077b500000,0x000000077b550000,0x000000077b580000)
  to   space 512K, 0% used [0x000000077b580000,0x000000077b580000,0x000000077b600000)
 ParOldGen       total 156160K, used 141011K [0x00000006c0000000, 0x00000006c9880000, 0x000000076ab00000)
  object space 156160K, 90% used [0x00000006c0000000,0x00000006c89b4cb8,0x00000006c9880000)
 Metaspace       used 27753K, capacity 28390K, committed 28544K, reserved 1075200K
  class space    used 3489K, capacity 3636K, committed 3712K, reserved 1048576K
}
Event: 36234.968 GC heap before
{Heap before GC invocations=15419 (full 13):
 PSYoungGen      total 34816K, used 34187K [0x000000076ab00000, 0x000000077b600000, 0x00000007c0000000)
  eden space 34304K, 98% used [0x000000076ab00000,0x000000076cc12f40,0x000000076cc80000)
  from space 512K, 62% used [0x000000077b500000,0x000000077b550000,0x000000077b580000)
  to   space 512K, 0% used [0x000000077b580000,0x000000077b580000,0x000000077b600000)
 ParOldGen       total 156160K, used 141011K [0x00000006c0000000, 0x00000006c9880000, 0x000000076ab00000)
  object space 156160K, 90% used [0x00000006c0000000,0x00000006c89b4cb8,0x00000006c9880000)
 Metaspace       used 27753K, capacity 28390K, committed 28544K, reserved 1075200K
  class space    used 3489K, capacity 3636K, committed 3712K, reserved 1048576K
Event: 36234.982 GC heap after
Heap after GC invocations=15419 (full 13):
 PSYoungGen      total 34816K, used 384K [0x000000076ab00000, 0x000000077b600000, 0x00000007c0000000)
  eden space 34304K, 0% used [0x000000076ab00000,0x000000076ab00000,0x000000076cc80000)
  from space 512K, 75% used [0x000000077b580000,0x000000077b5e0000,0x000000077b600000)
  to   space 512K, 0% used [0x000000077b500000,0x000000077b500000,0x000000077b580000)
 ParOldGen       total 156160K, used 150480K [0x00000006c0000000, 0x00000006c9880000, 0x000000076ab00000)
  object space 156160K, 96% used [0x00000006c0000000,0x00000006c92f4220,0x00000006c9880000)
 Metaspace       used 27753K, capacity 28390K, committed 28544K, reserved 1075200K
  class space    used 3489K, capacity 3636K, committed 3712K, reserved 1048576K
}
Event: 36235.398 GC heap before
{Heap before GC invocations=15420 (full 13):
 PSYoungGen      total 34816K, used 32294K [0x000000076ab00000, 0x000000077b600000, 0x00000007c0000000)
  eden space 34304K, 93% used [0x000000076ab00000,0x000000076ca29830,0x000000076cc80000)
  from space 512K, 75% used [0x000000077b580000,0x000000077b5e0000,0x000000077b600000)
  to   space 512K, 0% used [0x000000077b500000,0x000000077b500000,0x000000077b580000)
 ParOldGen       total 156160K, used 150480K [0x00000006c0000000, 0x00000006c9880000, 0x000000076ab00000)
  object space 156160K, 96% used [0x00000006c0000000,0x00000006c92f4220,0x00000006c9880000)
 Metaspace       used 27753K, capacity 28390K, committed 28544K, reserved 1075200K
  class space    used 3489K, capacity 3636K, committed 3712K, reserved 1048576K
Event: 36235.416 GC heap after
Heap after GC invocations=15420 (full 13):
 PSYoungGen      total 41472K, used 505K [0x000000076ab00000, 0x000000077b600000, 0x00000007c0000000)
  eden space 40960K, 0% used [0x000000076ab00000,0x000000076ab00000,0x000000076d300000)
  from space 512K, 98% used [0x000000077b500000,0x000000077b57e750,0x000000077b580000)
  to   space 512K, 0% used [0x000000077b580000,0x000000077b580000,0x000000077b600000)
 ParOldGen       total 159232K, used 158919K [0x00000006c0000000, 0x00000006c9b80000, 0x000000076ab00000)
  object space 159232K, 99% used [0x00000006c0000000,0x00000006c9b31f58,0x00000006c9b80000)
 Metaspace       used 27753K, capacity 28390K, committed 28544K, reserved 1075200K
  class space    used 3489K, capacity 3636K, committed 3712K, reserved 1048576K
}
Event: 36235.416 GC heap before
{Heap before GC invocations=15421 (full 14):
 PSYoungGen      total 41472K, used 505K [0x000000076ab00000, 0x000000077b600000, 0x00000007c0000000)
  eden space 40960K, 0% used [0x000000076ab00000,0x000000076ab00000,0x000000076d300000)
  from space 512K, 98% used [0x000000077b500000,0x000000077b57e750,0x000000077b580000)
  to   space 512K, 0% used [0x000000077b580000,0x000000077b580000,0x000000077b600000)
 ParOldGen       total 159232K, used 158919K [0x00000006c0000000, 0x00000006c9b80000, 0x000000076ab00000)
  object space 159232K, 99% used [0x00000006c0000000,0x00000006c9b31f58,0x00000006c9b80000)
 Metaspace       used 27753K, capacity 28390K, committed 28544K, reserved 1075200K
  class space    used 3489K, capacity 3636K, committed 3712K, reserved 1048576K
Event: 36235.596 GC heap after
Heap after GC invocations=15421 (full 14):
 PSYoungGen      total 41472K, used 0K [0x000000076ab00000, 0x000000077b600000, 0x00000007c0000000)
  eden space 40960K, 0% used [0x000000076ab00000,0x000000076ab00000,0x000000076d300000)
  from space 512K, 0% used [0x000000077b500000,0x000000077b500000,0x000000077b580000)
  to   space 512K, 0% used [0x000000077b580000,0x000000077b580000,0x000000077b600000)
 ParOldGen       total 105984K, used 15809K [0x00000006c0000000, 0x00000006c6780000, 0x000000076ab00000)
  object space 105984K, 14% used [0x00000006c0000000,0x00000006c0f70638,0x00000006c6780000)
 Metaspace       used 27753K, capacity 28390K, committed 28544K, reserved 1075200K
  class space    used 3489K, capacity 3636K, committed 3712K, reserved 1048576K
}

