# JRE version: Java(TM) SE Runtime Environment (8.0_181-b13) (build 1.8.0_181-b13)
# Java VM: Java HotSpot(TM) 64-Bit Server VM (25.181-b13 mixed mode bsd-amd64 compressed oops)
Heap:
 PSYoungGen      total 31744K, used 5192K [0x000000076ab00000, 0x0000000789e00000, 0x00000007c0000000)
  eden space 31232K, 16% used [0x000000076ab00000,0x000000076b0121f0,0x000000076c980000)
  from space 512K, 0% used [0x0000000789d80000,0x0000000789d80000,0x0000000789e00000)
  to   space 1024K, 0% used [0x0000000789c00000,0x0000000789c00000,0x0000000789d00000)
 ParOldGen       total 111104K, used 47914K [0x00000006c0000000, 0x00000006c6c80000, 0x000000076ab00000)
  object space 111104K, 43% used [0x00000006c0000000,0x00000006c2ecaab8,0x00000006c6c80000)
 Metaspace       used 27510K, capacity 28118K, committed 28288K, reserved 1073152K
  class space    used 3470K, capacity 3634K, committed 3712K, reserved 1048576K
GC Heap History (10 events):
Event: 8810.342 GC heap before
{Heap before GC invocations=3052 (full 9):
 PSYoungGen      total 32256K, used 31808K [0x000000076ab00000, 0x0000000789f00000, 0x00000007c0000000)
  eden space 31232K, 100% used [0x000000076ab00000,0x000000076c980000,0x000000076c980000)
  from space 1024K, 56% used [0x0000000789e00000,0x0000000789e90000,0x0000000789f00000)
  to   space 1536K, 0% used [0x0000000789c00000,0x0000000789c00000,0x0000000789d80000)
 ParOldGen       total 134144K, used 133781K [0x00000006c0000000, 0x00000006c8300000, 0x000000076ab00000)
  object space 134144K, 99% used [0x00000006c0000000,0x00000006c82a56d8,0x00000006c8300000)
 Metaspace       used 27535K, capacity 28166K, committed 28288K, reserved 1073152K
  class space    used 3476K, capacity 3646K, committed 3712K, reserved 1048576K
Event: 8810.349 GC heap after
Heap after GC invocations=3052 (full 9):
 PSYoungGen      total 32768K, used 672K [0x000000076ab00000, 0x0000000789e80000, 0x00000007c0000000)
  eden space 31232K, 0% used [0x000000076ab00000,0x000000076ab00000,0x000000076c980000)
  from space 1536K, 43% used [0x0000000789c00000,0x0000000789ca8000,0x0000000789d80000)
  to   space 1024K, 0% used [0x0000000789d80000,0x0000000789d80000,0x0000000789e80000)
 ParOldGen       total 134144K, used 133789K [0x00000006c0000000, 0x00000006c8300000, 0x000000076ab00000)
  object space 134144K, 99% used [0x00000006c0000000,0x00000006c82a76d8,0x00000006c8300000)
 Metaspace       used 27535K, capacity 28166K, committed 28288K, reserved 1073152K
  class space    used 3476K, capacity 3646K, committed 3712K, reserved 1048576K
}
Event: 8818.332 GC heap before
{Heap before GC invocations=3053 (full 9):
 PSYoungGen      total 32768K, used 31904K [0x000000076ab00000, 0x0000000789e80000, 0x00000007c0000000)
  eden space 31232K, 100% used [0x000000076ab00000,0x000000076c980000,0x000000076c980000)
  from space 1536K, 43% used [0x0000000789c00000,0x0000000789ca8000,0x0000000789d80000)
  to   space 1024K, 0% used [0x0000000789d80000,0x0000000789d80000,0x0000000789e80000)
 ParOldGen       total 134144K, used 133789K [0x00000006c0000000, 0x00000006c8300000, 0x000000076ab00000)
  object space 134144K, 99% used [0x00000006c0000000,0x00000006c82a76d8,0x00000006c8300000)
 Metaspace       used 27535K, capacity 28166K, committed 28288K, reserved 1073152K
  class space    used 3476K, capacity 3646K, committed 3712K, reserved 1048576K
Event: 8818.336 GC heap after
Heap after GC invocations=3053 (full 9):
 PSYoungGen      total 32256K, used 704K [0x000000076ab00000, 0x0000000789e80000, 0x00000007c0000000)
  eden space 31232K, 0% used [0x000000076ab00000,0x000000076ab00000,0x000000076c980000)
  from space 1024K, 68% used [0x0000000789d80000,0x0000000789e30000,0x0000000789e80000)
  to   space 1024K, 0% used [0x0000000789c80000,0x0000000789c80000,0x0000000789d80000)
 ParOldGen       total 134144K, used 133805K [0x00000006c0000000, 0x00000006c8300000, 0x000000076ab00000)
  object space 134144K, 99% used [0x00000006c0000000,0x00000006c82ab6d8,0x00000006c8300000)
 Metaspace       used 27535K, capacity 28166K, committed 28288K, reserved 1073152K
  class space    used 3476K, capacity 3646K, committed 3712K, reserved 1048576K
}
Event: 8824.339 GC heap before
{Heap before GC invocations=3054 (full 9):
 PSYoungGen      total 32256K, used 31936K [0x000000076ab00000, 0x0000000789e80000, 0x00000007c0000000)
  eden space 31232K, 100% used [0x000000076ab00000,0x000000076c980000,0x000000076c980000)
  from space 1024K, 68% used [0x0000000789d80000,0x0000000789e30000,0x0000000789e80000)
  to   space 1024K, 0% used [0x0000000789c80000,0x0000000789c80000,0x0000000789d80000)
 ParOldGen       total 134144K, used 133805K [0x00000006c0000000, 0x00000006c8300000, 0x000000076ab00000)
  object space 134144K, 99% used [0x00000006c0000000,0x00000006c82ab6d8,0x00000006c8300000)
 Metaspace       used 27535K, capacity 28166K, committed 28288K, reserved 1073152K
  class space    used 3476K, capacity 3646K, committed 3712K, reserved 1048576K
Event: 8824.345 GC heap after
Heap after GC invocations=3054 (full 9):
 PSYoungGen      total 32256K, used 608K [0x000000076ab00000, 0x0000000789e00000, 0x00000007c0000000)
  eden space 31232K, 0% used [0x000000076ab00000,0x000000076ab00000,0x000000076c980000)
  from space 1024K, 59% used [0x0000000789c80000,0x0000000789d18000,0x0000000789d80000)
  to   space 512K, 0% used [0x0000000789d80000,0x0000000789d80000,0x0000000789e00000)
 ParOldGen       total 134144K, used 133925K [0x00000006c0000000, 0x00000006c8300000, 0x000000076ab00000)
  object space 134144K, 99% used [0x00000006c0000000,0x00000006c82c96d8,0x00000006c8300000)
 Metaspace       used 27535K, capacity 28166K, committed 28288K, reserved 1073152K
  class space    used 3476K, capacity 3646K, committed 3712K, reserved 1048576K
}
Event: 8831.333 GC heap before
{Heap before GC invocations=3055 (full 9):
 PSYoungGen      total 32256K, used 31840K [0x000000076ab00000, 0x0000000789e00000, 0x00000007c0000000)
  eden space 31232K, 100% used [0x000000076ab00000,0x000000076c980000,0x000000076c980000)
  from space 1024K, 59% used [0x0000000789c80000,0x0000000789d18000,0x0000000789d80000)
  to   space 512K, 0% used [0x0000000789d80000,0x0000000789d80000,0x0000000789e00000)
 ParOldGen       total 134144K, used 133925K [0x00000006c0000000, 0x00000006c8300000, 0x000000076ab00000)
  object space 134144K, 99% used [0x00000006c0000000,0x00000006c82c96d8,0x00000006c8300000)
 Metaspace       used 27535K, capacity 28166K, committed 28288K, reserved 1073152K
  class space    used 3476K, capacity 3646K, committed 3712K, reserved 1048576K
Event: 8831.337 GC heap after
Heap after GC invocations=3055 (full 9):
 PSYoungGen      total 31744K, used 512K [0x000000076ab00000, 0x0000000789e00000, 0x00000007c0000000)
  eden space 31232K, 0% used [0x000000076ab00000,0x000000076ab00000,0x000000076c980000)
  from space 512K, 100% used [0x0000000789d80000,0x0000000789e00000,0x0000000789e00000)
  to   space 1024K, 0% used [0x0000000789c00000,0x0000000789c00000,0x0000000789d00000)
 ParOldGen       total 134144K, used 134069K [0x00000006c0000000, 0x00000006c8300000, 0x000000076ab00000)
  object space 134144K, 99% used [0x00000006c0000000,0x00000006c82ed6d8,0x00000006c8300000)
 Metaspace       used 27535K, capacity 28166K, committed 28288K, reserved 1073152K
  class space    used 3476K, capacity 3646K, committed 3712K, reserved 1048576K
}
Event: 8831.337 GC heap before
{Heap before GC invocations=3056 (full 10):
 PSYoungGen      total 31744K, used 512K [0x000000076ab00000, 0x0000000789e00000, 0x00000007c0000000)
  eden space 31232K, 0% used [0x000000076ab00000,0x000000076ab00000,0x000000076c980000)
  from space 512K, 100% used [0x0000000789d80000,0x0000000789e00000,0x0000000789e00000)
  to   space 1024K, 0% used [0x0000000789c00000,0x0000000789c00000,0x0000000789d00000)
 ParOldGen       total 134144K, used 134069K [0x00000006c0000000, 0x00000006c8300000, 0x000000076ab00000)
  object space 134144K, 99% used [0x00000006c0000000,0x00000006c82ed6d8,0x00000006c8300000)
 Metaspace       used 27535K, capacity 28166K, committed 28288K, reserved 1073152K
  class space    used 3476K, capacity 3646K, committed 3712K, reserved 1048576K
Event: 8831.636 GC heap after
Heap after GC invocations=3056 (full 10):
 PSYoungGen      total 31744K, used 0K [0x000000076ab00000, 0x0000000789e00000, 0x00000007c0000000)
  eden space 31232K, 0% used [0x000000076ab00000,0x000000076ab00000,0x000000076c980000)
  from space 512K, 0% used [0x0000000789d80000,0x0000000789d80000,0x0000000789e00000)
  to   space 1024K, 0% used [0x0000000789c00000,0x0000000789c00000,0x0000000789d00000)
 ParOldGen       total 111104K, used 47914K [0x00000006c0000000, 0x00000006c6c80000, 0x000000076ab00000)
  object space 111104K, 43% used [0x00000006c0000000,0x00000006c2ecaab8,0x00000006c6c80000)
 Metaspace       used 27508K, capacity 28118K, committed 28288K, reserved 1073152K
  class space    used 3470K, capacity 3634K, committed 3712K, reserved 1048576K
}

