# JRE version: Java(TM) SE Runtime Environment (8.0_171-b11) (build 1.8.0_171-b11)
# Java VM: Java HotSpot(TM) 64-Bit Server VM (25.171-b11 mixed mode bsd-amd64 compressed oops)
Heap:
 PSYoungGen      total 202752K, used 11530K [0x000000076ab00000, 0x0000000779a80000, 0x00000007c0000000)
  eden space 185856K, 6% used [0x000000076ab00000,0x000000076b642960,0x0000000776080000)
  from space 16896K, 0% used [0x0000000776080000,0x0000000776080000,0x0000000777100000)
  to   space 17408K, 0% used [0x0000000778980000,0x0000000778980000,0x0000000779a80000)
 ParOldGen       total 185856K, used 30633K [0x00000006c0000000, 0x00000006cb580000, 0x000000076ab00000)
  object space 185856K, 16% used [0x00000006c0000000,0x00000006c1dea480,0x00000006cb580000)
 Metaspace       used 28596K, capacity 29276K, committed 29440K, reserved 1075200K
  class space    used 3565K, capacity 3733K, committed 3840K, reserved 1048576K
GC Heap History (10 events):
Event: 950.798 GC heap before
{Heap before GC invocations=563 (full 1):
 PSYoungGen      total 181760K, used 181722K [0x000000076ab00000, 0x0000000777400000, 0x00000007c0000000)
  eden space 174080K, 100% used [0x000000076ab00000,0x0000000775500000,0x0000000775500000)
  from space 7680K, 99% used [0x0000000775a00000,0x0000000776176868,0x0000000776180000)
  to   space 15872K, 0% used [0x0000000776480000,0x0000000776480000,0x0000000777400000)
 ParOldGen       total 124928K, used 103933K [0x00000006c0000000, 0x00000006c7a00000, 0x000000076ab00000)
  object space 124928K, 83% used [0x00000006c0000000,0x00000006c657f500,0x00000006c7a00000)
 Metaspace       used 28596K, capacity 29276K, committed 29440K, reserved 1075200K
  class space    used 3565K, capacity 3733K, committed 3840K, reserved 1048576K
Event: 950.802 GC heap after
Heap after GC invocations=563 (full 1):
 PSYoungGen      total 179712K, used 8944K [0x000000076ab00000, 0x0000000776f00000, 0x00000007c0000000)
  eden space 168960K, 0% used [0x000000076ab00000,0x000000076ab00000,0x0000000775000000)
  from space 10752K, 83% used [0x0000000776480000,0x0000000776d3c318,0x0000000776f00000)
  to   space 15872K, 0% used [0x0000000775000000,0x0000000775000000,0x0000000775f80000)
 ParOldGen       total 124928K, used 103933K [0x00000006c0000000, 0x00000006c7a00000, 0x000000076ab00000)
  object space 124928K, 83% used [0x00000006c0000000,0x00000006c657f500,0x00000006c7a00000)
 Metaspace       used 28596K, capacity 29276K, committed 29440K, reserved 1075200K
  class space    used 3565K, capacity 3733K, committed 3840K, reserved 1048576K
}
Event: 951.020 GC heap before
{Heap before GC invocations=564 (full 1):
 PSYoungGen      total 179712K, used 177904K [0x000000076ab00000, 0x0000000776f00000, 0x00000007c0000000)
  eden space 168960K, 100% used [0x000000076ab00000,0x0000000775000000,0x0000000775000000)
  from space 10752K, 83% used [0x0000000776480000,0x0000000776d3c318,0x0000000776f00000)
  to   space 15872K, 0% used [0x0000000775000000,0x0000000775000000,0x0000000775f80000)
 ParOldGen       total 124928K, used 103933K [0x00000006c0000000, 0x00000006c7a00000, 0x000000076ab00000)
  object space 124928K, 83% used [0x00000006c0000000,0x00000006c657f500,0x00000006c7a00000)
 Metaspace       used 28596K, capacity 29276K, committed 29440K, reserved 1075200K
  class space    used 3565K, capacity 3733K, committed 3840K, reserved 1048576K
Event: 951.023 GC heap after
Heap after GC invocations=564 (full 1):
 PSYoungGen      total 184832K, used 8976K [0x000000076ab00000, 0x0000000778080000, 0x00000007c0000000)
  eden space 168960K, 0% used [0x000000076ab00000,0x000000076ab00000,0x0000000775000000)
  from space 15872K, 56% used [0x0000000775000000,0x00000007758c4318,0x0000000775f80000)
  to   space 15872K, 0% used [0x0000000777100000,0x0000000777100000,0x0000000778080000)
 ParOldGen       total 124928K, used 104045K [0x00000006c0000000, 0x00000006c7a00000, 0x000000076ab00000)
  object space 124928K, 83% used [0x00000006c0000000,0x00000006c659b500,0x00000006c7a00000)
 Metaspace       used 28596K, capacity 29276K, committed 29440K, reserved 1075200K
  class space    used 3565K, capacity 3733K, committed 3840K, reserved 1048576K
}
Event: 951.247 GC heap before
{Heap before GC invocations=565 (full 1):
 PSYoungGen      total 184832K, used 177936K [0x000000076ab00000, 0x0000000778080000, 0x00000007c0000000)
  eden space 168960K, 100% used [0x000000076ab00000,0x0000000775000000,0x0000000775000000)
  from space 15872K, 56% used [0x0000000775000000,0x00000007758c4318,0x0000000775f80000)
  to   space 15872K, 0% used [0x0000000777100000,0x0000000777100000,0x0000000778080000)
 ParOldGen       total 124928K, used 104045K [0x00000006c0000000, 0x00000006c7a00000, 0x000000076ab00000)
  object space 124928K, 83% used [0x00000006c0000000,0x00000006c659b500,0x00000006c7a00000)
 Metaspace       used 28596K, capacity 29276K, committed 29440K, reserved 1075200K
  class space    used 3565K, capacity 3733K, committed 3840K, reserved 1048576K
Event: 951.255 GC heap after
Heap after GC invocations=565 (full 1):
 PSYoungGen      total 201728K, used 12935K [0x000000076ab00000, 0x0000000778580000, 0x00000007c0000000)
  eden space 185856K, 0% used [0x000000076ab00000,0x000000076ab00000,0x0000000776080000)
  from space 15872K, 81% used [0x0000000777100000,0x0000000777da1ff8,0x0000000778080000)
  to   space 16896K, 0% used [0x0000000776080000,0x0000000776080000,0x0000000777100000)
 ParOldGen       total 124928K, used 104268K [0x00000006c0000000, 0x00000006c7a00000, 0x000000076ab00000)
  object space 124928K, 83% used [0x00000006c0000000,0x00000006c65d3008,0x00000006c7a00000)
 Metaspace       used 28596K, capacity 29276K, committed 29440K, reserved 1075200K
  class space    used 3565K, capacity 3733K, committed 3840K, reserved 1048576K
}
Event: 951.560 GC heap before
{Heap before GC invocations=566 (full 1):
 PSYoungGen      total 201728K, used 198791K [0x000000076ab00000, 0x0000000778580000, 0x00000007c0000000)
  eden space 185856K, 100% used [0x000000076ab00000,0x0000000776080000,0x0000000776080000)
  from space 15872K, 81% used [0x0000000777100000,0x0000000777da1ff8,0x0000000778080000)
  to   space 16896K, 0% used [0x0000000776080000,0x0000000776080000,0x0000000777100000)
 ParOldGen       total 124928K, used 104268K [0x00000006c0000000, 0x00000006c7a00000, 0x000000076ab00000)
  object space 124928K, 83% used [0x00000006c0000000,0x00000006c65d3008,0x00000006c7a00000)
 Metaspace       used 28596K, capacity 29276K, committed 29440K, reserved 1075200K
  class space    used 3565K, capacity 3733K, committed 3840K, reserved 1048576K
Event: 951.568 GC heap after
Heap after GC invocations=566 (full 1):
 PSYoungGen      total 202752K, used 352K [0x000000076ab00000, 0x0000000779a80000, 0x00000007c0000000)
  eden space 185856K, 0% used [0x000000076ab00000,0x000000076ab00000,0x0000000776080000)
  from space 16896K, 2% used [0x0000000776080000,0x00000007760d8000,0x0000000777100000)
  to   space 17408K, 0% used [0x0000000778980000,0x0000000778980000,0x0000000779a80000)
 ParOldGen       total 124928K, used 116820K [0x00000006c0000000, 0x00000006c7a00000, 0x000000076ab00000)
  object space 124928K, 93% used [0x00000006c0000000,0x00000006c7215090,0x00000006c7a00000)
 Metaspace       used 28596K, capacity 29276K, committed 29440K, reserved 1075200K
  class space    used 3565K, capacity 3733K, committed 3840K, reserved 1048576K
}
Event: 951.568 GC heap before
{Heap before GC invocations=567 (full 2):
 PSYoungGen      total 202752K, used 352K [0x000000076ab00000, 0x0000000779a80000, 0x00000007c0000000)
  eden space 185856K, 0% used [0x000000076ab00000,0x000000076ab00000,0x0000000776080000)
  from space 16896K, 2% used [0x0000000776080000,0x00000007760d8000,0x0000000777100000)
  to   space 17408K, 0% used [0x0000000778980000,0x0000000778980000,0x0000000779a80000)
 ParOldGen       total 124928K, used 116820K [0x00000006c0000000, 0x00000006c7a00000, 0x000000076ab00000)
  object space 124928K, 93% used [0x00000006c0000000,0x00000006c7215090,0x00000006c7a00000)
 Metaspace       used 28596K, capacity 29276K, committed 29440K, reserved 1075200K
  class space    used 3565K, capacity 3733K, committed 3840K, reserved 1048576K
Event: 951.695 GC heap after
Heap after GC invocations=567 (full 2):
 PSYoungGen      total 202752K, used 0K [0x000000076ab00000, 0x0000000779a80000, 0x00000007c0000000)
  eden space 185856K, 0% used [0x000000076ab00000,0x000000076ab00000,0x0000000776080000)
  from space 16896K, 0% used [0x0000000776080000,0x0000000776080000,0x0000000777100000)
  to   space 17408K, 0% used [0x0000000778980000,0x0000000778980000,0x0000000779a80000)
 ParOldGen       total 185856K, used 30633K [0x00000006c0000000, 0x00000006cb580000, 0x000000076ab00000)
  object space 185856K, 16% used [0x00000006c0000000,0x00000006c1dea480,0x00000006cb580000)
 Metaspace       used 28596K, capacity 29276K, committed 29440K, reserved 1075200K
  class space    used 3565K, capacity 3733K, committed 3840K, reserved 1048576K
}

